I 6 
P 6 

I 2 6 
P 6 2 

I 2 6 9 
P 6 2 9 

I 1 2 6 9 
P 6 2 1 9 

I 1 2 5 6 9 
P 6 2 1 5 9 

I 1 2 3 5 6 9 
P 5 2 1 3 6 9 

I 1 2 3 4 5 6 9 
P 5 2 1 3 4 6 9 

I 1 2 3 4 5 6 8 9 
P 5 2 1 3 4 8 6 9 

I 1 2 3 4 5 6 7 8 9 
P 5 2 1 3 4 8 6 7 9 

I 1 2 3 4 5 6 7 8 9 10 
P 5 2 1 3 4 8 6 7 9 10 

I 1 2 3 4 5 6 7 8 9 10 18 
P 5 2 1 3 4 8 6 7 10 9 18 

I 1 2 3 4 5 6 7 8 9 10 14 18 
P 5 2 1 3 4 8 6 7 10 9 18 14 

I 1 2 3 4 5 6 7 8 9 10 14 18 19 
P 5 2 1 3 4 8 6 7 10 9 18 14 19 

I 1 2 3 4 5 6 7 8 9 10 13 14 18 19 
P 8 5 2 1 3 4 6 7 14 10 9 13 18 19 

I 1 2 3 4 5 6 7 8 9 10 13 14 15 18 19 
P 8 5 2 1 3 4 6 7 14 10 9 13 18 15 19 

I 1 2 3 4 5 6 7 8 9 10 11 13 14 15 18 19 
P 8 5 2 1 3 4 6 7 14 10 9 13 11 18 15 19 

I 1 2 3 4 5 6 7 8 9 10 11 12 13 14 15 18 19 
P 8 5 2 1 3 4 6 7 12 10 9 11 14 13 18 15 19 

I 1 2 3 4 5 6 7 8 9 10 11 12 13 14 15 16 18 19 
P 8 5 2 1 3 4 6 7 12 10 9 11 15 14 13 18 16 19 

I 1 2 3 4 5 6 7 8 9 10 11 12 13 14 15 16 17 18 19 
P 8 5 2 1 3 4 6 7 15 12 10 9 11 14 13 18 16 17 19 

I 1 2 3 4 5 6 6 7 8 9 10 11 12 13 14 15 16 17 18 19 
P 8 5 2 1 3 4 6 6 7 15 12 10 9 11 14 13 18 16 17 19 

I 1 2 2 3 4 5 6 6 7 8 9 10 11 12 13 14 15 16 17 18 19 
P 8 5 2 1 3 2 4 6 6 7 15 12 10 9 11 14 13 18 16 17 19 

I 1 2 2 3 4 5 6 6 7 8 9 9 10 11 12 13 14 15 16 17 18 19 
P 8 5 2 1 3 2 4 6 6 7 15 12 10 9 9 11 14 13 18 16 17 19 

I 1 1 2 2 3 4 5 6 6 7 8 9 9 10 11 12 13 14 15 16 17 18 19 
P 8 5 2 1 1 3 2 4 6 6 7 15 12 10 9 9 11 14 13 18 16 17 19 

I 1 1 2 2 3 4 5 5 6 6 7 8 9 9 10 11 12 13 14 15 16 17 18 19 
P 8 5 2 1 1 3 2 4 6 6 5 7 15 12 10 9 9 11 14 13 18 16 17 19 

I 1 1 2 2 3 3 4 5 5 6 6 7 8 9 9 10 11 12 13 14 15 16 17 18 19 
P 8 5 2 1 1 3 2 4 3 6 6 5 7 15 12 10 9 9 11 14 13 18 16 17 19 

I 1 1 2 2 3 3 4 4 5 5 6 6 7 8 9 9 10 11 12 13 14 15 16 17 18 19 
P 8 5 2 1 1 3 2 4 3 4 6 6 5 7 15 12 10 9 9 11 14 13 18 16 17 19 

I 1 1 2 2 3 3 4 4 5 5 6 6 7 8 8 9 9 10 11 12 13 14 15 16 17 18 19 
P 8 5 2 1 1 3 2 4 3 4 6 6 5 7 15 12 10 9 8 9 11 14 13 18 16 17 19 

I 1 1 2 2 3 3 4 4 5 5 6 6 7 7 8 8 9 9 10 11 12 13 14 15 16 17 18 19 
P 8 5 2 1 1 3 2 4 3 4 6 6 5 7 7 15 12 10 9 8 9 11 14 13 18 16 17 19 

I 1 1 2 2 3 3 4 4 5 5 6 6 7 7 8 8 9 9 10 10 11 12 13 14 15 16 17 18 19 
P 8 5 2 1 1 3 2 4 3 4 6 6 5 7 7 15 12 10 9 8 9 11 10 14 13 18 16 17 19 

I 1 1 2 2 3 3 4 4 5 5 6 6 7 7 8 8 9 9 10 10 11 12 13 14 15 16 17 18 18 19 
P 8 5 2 1 1 3 2 4 3 4 6 6 5 7 7 15 12 10 9 8 9 11 10 14 13 18 16 17 19 18 

I 1 1 2 2 3 3 4 4 5 5 6 6 7 7 8 8 9 9 10 10 11 12 13 14 14 15 16 17 18 18 19 
P 8 5 2 1 1 3 2 4 3 4 6 6 5 7 7 15 12 10 9 8 9 11 10 14 13 14 18 16 17 19 18 

I 1 1 2 2 3 3 4 4 5 5 6 6 7 7 8 8 9 9 10 10 11 12 13 14 14 15 16 17 18 18 19 19 
P 8 5 2 1 1 3 2 4 3 4 6 6 5 7 7 15 12 10 9 8 9 11 10 14 13 14 18 16 17 19 18 19 

I 1 1 2 2 3 3 4 4 5 5 6 6 7 7 8 8 9 9 10 10 11 12 13 13 14 14 15 16 17 18 18 19 19 
P 8 5 2 1 1 3 2 4 3 4 6 6 5 7 7 15 12 10 9 8 9 11 10 14 13 13 14 18 16 17 19 18 19 

I 1 1 2 2 3 3 4 4 5 5 6 6 7 7 8 8 9 9 10 10 11 12 13 13 14 14 15 15 16 17 18 18 19 19 
P 8 5 2 1 1 3 2 4 3 4 6 6 5 7 7 15 12 10 9 8 9 11 10 14 13 13 14 18 16 15 17 19 18 19 

I 1 1 2 2 3 3 4 4 5 5 6 6 7 7 8 8 9 9 10 10 11 11 12 13 13 14 14 15 15 16 17 18 18 19 19 
P 8 5 2 1 1 3 2 4 3 4 6 6 5 7 7 15 12 10 9 8 9 11 10 11 14 13 13 14 18 16 15 17 19 18 19 

I 1 1 2 2 3 3 4 4 5 5 6 6 7 7 8 8 9 9 10 10 11 11 12 12 13 13 14 14 15 15 16 17 18 18 19 19 
P 8 5 2 1 1 3 2 4 3 4 6 6 5 7 7 15 12 10 9 8 9 11 10 11 14 13 12 13 14 18 16 15 17 19 18 19 

I 1 1 2 2 3 3 4 4 5 5 6 6 7 7 8 8 9 9 10 10 11 11 12 12 13 13 14 14 15 15 16 16 17 18 18 19 19 
P 8 5 2 1 1 3 2 4 3 4 6 6 5 7 7 15 12 10 9 8 9 11 10 11 14 13 12 13 14 18 16 15 17 16 19 18 19 

I 1 1 2 2 3 3 4 4 5 5 6 6 7 7 8 8 9 9 10 10 11 11 12 12 13 13 14 14 15 15 16 16 17 17 18 18 19 19 
P 8 5 2 1 1 3 2 4 3 4 6 6 5 7 7 15 12 10 9 8 9 11 10 11 14 13 12 13 14 18 16 15 17 16 17 19 18 19 

I 1 1 2 2 3 3 4 4 5 5 6 6 7 7 8 8 9 9 10 10 11 11 12 12 13 13 14 14 15 15 16 16 17 17 18 18 19 19 27 
P 8 5 2 1 1 3 2 4 3 4 6 6 5 7 7 15 12 10 9 8 9 11 10 11 14 13 12 13 14 18 16 15 17 16 17 19 18 19 27 

I 1 1 2 2 3 3 4 4 5 5 6 6 7 7 8 8 9 9 10 10 11 11 12 12 13 13 14 14 15 15 16 16 17 17 18 18 19 19 27 97 
P 8 5 2 1 1 3 2 4 3 4 6 6 5 7 7 15 12 10 9 8 9 11 10 11 14 13 12 13 14 18 16 15 17 16 17 19 18 27 19 97 

I 1 1 2 2 3 3 4 4 5 5 6 6 7 7 8 8 9 9 10 10 11 11 12 12 13 13 14 14 15 15 16 16 17 17 18 18 19 19 27 84 97 
P 8 5 2 1 1 3 2 4 3 4 6 6 5 7 7 15 12 10 9 8 9 11 10 11 14 13 12 13 14 18 16 15 17 16 17 27 19 18 19 97 84 

I 1 1 2 2 3 3 4 4 4 5 5 6 6 7 7 8 8 9 9 10 10 11 11 12 12 13 13 14 14 15 15 16 16 17 17 18 18 19 19 27 84 97 
P 8 4 2 1 1 3 2 3 5 4 4 6 6 5 7 7 15 12 10 9 8 9 11 10 11 14 13 12 13 14 18 16 15 17 16 17 27 19 18 19 97 84 

I 1 1 2 2 3 3 4 4 4 5 5 6 6 7 7 8 8 8 9 9 10 10 11 11 12 12 13 13 14 14 15 15 16 16 17 17 18 18 19 19 27 84 97 
P 8 4 2 1 1 3 2 3 5 4 4 6 6 5 7 7 15 12 10 9 8 8 9 11 10 11 14 13 12 13 14 18 16 15 17 16 17 27 19 18 19 97 84 

